2024-05-10 08:58:18 - Login
2024-05-10 08:58:18 - Get users
2024-05-10 08:58:18 - 
2024-05-10 08:58:18 - Login
2024-05-10 09:03:08 - Start
2024-05-10 11:39:40 - Start
2024-05-10 11:39:40 - 2005 (HY000): Unknown MySQL server host 'database' (11001)
2024-05-10 11:39:46 - Start
2024-05-10 11:39:46 - 2005 (HY000): Unknown MySQL server host 'database' (11001)
2024-05-10 11:40:35 - Start
2024-05-10 11:40:35 - 2005 (HY000): Unknown MySQL server host 'database' (11001)
2024-05-10 11:40:41 - Start
2024-05-10 11:40:41 - 2005 (HY000): Unknown MySQL server host 'database' (11001)
2024-05-10 12:55:02 - Start
2024-05-10 12:55:07 - Start
2024-05-10 12:55:07 - Login
2024-05-10 12:55:07 - Login
2024-05-10 12:55:07 - Login
2024-05-10 12:55:07 - Get users
2024-05-10 12:55:07 - 
2024-05-10 12:55:07 - Get users
2024-05-10 12:55:07 - 
2024-05-10 12:55:07 - Get users
2024-05-10 12:55:07 - 
2024-05-10 12:55:07 - Get users
2024-05-10 12:55:07 - 
2024-05-10 12:55:34 - Start
2024-05-10 12:55:34 - Get users
2024-05-10 12:55:34 - 
2024-05-10 12:55:34 - Get users
2024-05-10 12:55:34 - 
2024-05-10 12:55:34 - Get users
2024-05-10 12:55:34 - 
2024-05-10 12:55:34 - Get users
2024-05-10 12:55:34 - 
2024-05-10 12:55:34 - Get users
2024-05-10 12:55:34 - 
2024-05-10 12:55:34 - Get users
2024-05-10 12:55:34 - 
2024-05-10 12:55:34 - Get users
2024-05-10 12:55:34 - 
2024-05-10 12:55:34 - Get users
2024-05-10 12:55:34 - 
2024-05-10 12:55:51 - Start
2024-05-10 12:55:51 - Get users
2024-05-10 12:55:51 - Get users
2024-05-10 12:55:51 - Get users
2024-05-10 12:55:51 - 
2024-05-10 12:55:51 - Get users
2024-05-10 12:55:51 - 
2024-05-10 12:55:51 - 
2024-05-10 12:55:51 - 
2024-05-10 12:55:51 - Get users
2024-05-10 12:55:51 - 
2024-05-10 12:55:51 - Get users
2024-05-10 12:55:51 - 
2024-05-10 12:55:51 - Get users
2024-05-10 12:55:51 - 
2024-05-10 12:55:51 - Get users
2024-05-10 12:55:51 - 
2024-05-10 12:56:18 - Start
2024-05-10 12:56:18 - Get users
2024-05-10 12:56:18 - 
2024-05-10 12:58:23 - Start
2024-05-10 12:58:23 - Get users
2024-05-10 12:58:23 - Login
2024-05-10 12:58:23 - Get users
2024-05-10 12:58:23 - Get users
2024-05-10 12:58:23 - Get users
2024-05-10 12:58:23 - Login
2024-05-10 12:58:23 - Get users
2024-05-10 12:58:23 - Get users
2024-05-10 12:58:23 - Get users
2024-05-10 12:58:23 - Get users
2024-05-10 12:58:23 - Login
2024-05-10 12:58:23 - Get users
2024-05-10 12:58:23 - Login
2024-05-10 12:58:23 - Get users
2024-05-10 13:17:06 - Start
2024-05-10 13:17:09 - Start
2024-05-10 13:22:08 - Start
2024-05-10 13:22:10 - Start
2024-05-10 13:22:10 - Register
2024-05-10 13:22:10 - insert_data_users() takes 1 positional argument but 2 were given
2024-05-10 13:23:00 - Start
2024-05-10 13:23:23 - Start
2024-05-10 13:23:40 - Start
2024-05-10 13:23:40 - Register
2024-05-10 13:24:43 - Start
2024-05-10 13:24:50 - Start
2024-05-10 13:24:53 - Start
2024-05-10 13:25:17 - Start
2024-05-10 13:32:51 - Start
2024-05-10 13:32:54 - Start
2024-05-10 13:32:54 - Login
2024-05-10 13:32:54 - Login
2024-05-10 13:32:54 - Login
2024-05-10 13:32:54 - Login
2024-05-10 13:34:39 - Start
2024-05-10 13:34:51 - Start
2024-05-10 13:34:51 - Login
2024-05-10 13:36:39 - Start
2024-05-10 13:36:55 - Start
2024-05-10 13:36:55 - Login
2024-05-10 13:36:55 - Python type dict cannot be converted
2024-05-10 13:37:16 - Start
2024-05-10 13:37:16 - Login
2024-05-10 13:37:16 - Python type dict cannot be converted
2024-05-10 13:38:17 - Start
2024-05-10 13:38:17 - Login
2024-05-10 13:38:17 - Login
2024-05-10 13:39:11 - Start
2024-05-10 13:39:11 - Login
2024-05-10 13:39:11 - Login
2024-05-10 13:40:12 - Start
2024-05-10 13:40:12 - Login
2024-05-10 13:41:58 - Start
2024-05-10 13:42:48 - Start
2024-05-10 13:42:48 - Login
2024-05-10 13:42:48 - Login
2024-05-10 13:43:14 - Start
2024-05-10 13:43:14 - Login
2024-05-10 13:43:14 - Login
2024-05-10 13:43:14 - Login
2024-05-10 13:43:40 - Start
2024-05-10 13:43:40 - Login
2024-05-10 13:43:40 - Login
2024-05-10 13:43:40 - Login
2024-05-10 13:44:09 - Start
2024-05-10 13:44:09 - Login
2024-05-10 13:44:09 - Login
2024-05-10 13:44:40 - Start
2024-05-10 13:44:40 - Login
2024-05-10 13:44:40 - Login
2024-05-10 13:44:54 - Start
2024-05-10 13:44:54 - Login
2024-05-10 13:48:05 - Start
2024-05-10 13:48:17 - Start
2024-05-10 13:48:17 - Login
2024-05-10 13:48:17 - Login
2024-05-10 13:48:38 - Start
2024-05-10 13:48:38 - Login
2024-05-10 13:48:38 - Login
2024-05-10 13:49:45 - Start
2024-05-10 13:49:45 - Login
2024-05-10 13:50:44 - Start
2024-05-10 13:50:44 - Login
2024-05-10 13:50:44 - cannot access local variable 'user' where it is not associated with a value
2024-05-10 13:50:44 - Login
2024-05-10 13:50:44 - cannot access local variable 'user' where it is not associated with a value
2024-05-10 13:51:10 - Start
2024-05-10 13:51:10 - Login
2024-05-10 13:51:36 - Start
2024-05-10 13:51:36 - Login
2024-05-10 13:51:36 - Login
2024-05-10 13:51:57 - Start
2024-05-10 13:52:37 - Start
2024-05-10 13:52:37 - Login
2024-05-10 13:52:37 - 
2024-05-10 13:52:37 - Login
2024-05-10 13:52:37 - 
2024-05-10 13:53:00 - Start
2024-05-10 13:53:00 - Login
2024-05-10 13:53:00 - name 'prinf' is not defined
2024-05-10 13:53:14 - Start
2024-05-10 13:53:14 - Login
2024-05-10 13:53:14 - 
2024-05-10 13:53:27 - Start
2024-05-10 13:53:27 - Login
2024-05-10 13:53:27 - 
2024-05-10 13:55:12 - Start
2024-05-10 13:55:34 - Start
2024-05-10 13:56:01 - Start
2024-05-10 13:56:10 - Start
2024-05-10 13:56:10 - Register
2024-05-10 13:56:10 - Register
2024-05-10 13:56:57 - Start
2024-05-10 13:56:57 - Login
2024-05-10 13:59:02 - Start
2024-05-10 13:59:22 - Start
2024-05-10 13:59:45 - Start
2024-05-10 13:59:45 - Login
2024-05-10 13:59:45 - 'NoneType' object is not subscriptable
2024-05-10 13:59:45 - Login
2024-05-10 13:59:45 - 'NoneType' object is not subscriptable
2024-05-10 13:59:45 - Register
2024-05-10 14:01:36 - Start
2024-05-10 14:01:39 - Start
2024-05-10 14:01:39 - Register
2024-05-10 14:02:15 - Start
2024-05-10 14:02:15 - Login
2024-05-10 14:02:15 - 'NoneType' object is not subscriptable
2024-05-10 14:02:49 - Start
2024-05-10 14:02:49 - Login
2024-05-10 14:02:49 - 'NoneType' object is not subscriptable
2024-05-10 14:02:49 - Login
2024-05-10 14:02:49 - 'NoneType' object is not subscriptable
2024-05-10 14:03:27 - Start
2024-05-10 14:03:27 - Login
2024-05-10 14:03:27 - 'NoneType' object is not subscriptable
2024-05-10 14:03:27 - Login
2024-05-10 14:03:27 - 'NoneType' object is not subscriptable
2024-05-10 14:03:57 - Start
2024-05-10 14:04:02 - Start
2024-05-10 14:04:02 - Login
2024-05-10 14:04:02 - 'NoneType' object is not subscriptable
2024-05-10 14:04:02 - Login
2024-05-10 14:04:02 - 'NoneType' object is not subscriptable
2024-05-10 14:04:15 - Start
2024-05-10 14:04:15 - Login
2024-05-10 14:04:15 - 'NoneType' object is not subscriptable
2024-05-10 14:04:15 - Login
2024-05-10 14:04:15 - 'NoneType' object is not subscriptable
2024-05-10 14:04:38 - Start
2024-05-10 14:04:38 - Login
2024-05-10 14:04:38 - 'NoneType' object is not subscriptable
2024-05-10 14:04:38 - Login
2024-05-10 14:04:38 - 'NoneType' object is not subscriptable
2024-05-10 14:04:38 - Register
2024-05-10 14:04:38 - Register
2024-05-10 14:05:13 - Start
2024-05-10 14:05:13 - Login
2024-05-10 14:05:13 - 'NoneType' object is not subscriptable
2024-05-10 14:05:43 - Start
2024-05-10 14:05:43 - Login
2024-05-10 14:05:43 - 'NoneType' object is not subscriptable
2024-05-10 14:06:28 - Start
2024-05-10 14:06:34 - Start
2024-05-10 14:06:34 - Login
2024-05-10 14:06:34 - 'NoneType' object is not subscriptable
2024-05-10 14:06:56 - Start
2024-05-10 14:06:56 - Login
2024-05-10 14:06:56 - 'NoneType' object is not subscriptable
2024-05-10 14:08:32 - Start
2024-05-10 14:08:32 - Login
2024-05-10 14:09:22 - Start
2024-05-10 14:09:22 - Login
2024-05-10 14:09:22 - Login
2024-05-10 14:09:40 - Start
2024-05-10 14:09:40 - Login
2024-05-10 14:09:58 - Start
2024-05-10 14:09:58 - Login
2024-05-10 14:09:58 - Login
2024-05-10 14:09:58 - Login
2024-05-10 14:09:58 - Login
2024-05-10 14:09:58 - Login
2024-05-10 14:10:39 - Start
2024-05-10 14:10:39 - Login
2024-05-10 14:11:07 - Start
2024-05-10 14:11:07 - Login
2024-05-10 14:11:48 - Start
2024-05-10 14:11:52 - Start
2024-05-10 14:11:52 - Login
2024-05-10 14:12:13 - Start
2024-05-10 14:12:13 - Login
2024-05-10 14:12:29 - Start
2024-05-10 14:13:04 - Start
2024-05-10 14:13:04 - Login
2024-05-10 14:13:04 - Login
2024-05-10 14:13:34 - Start
2024-05-10 14:13:34 - Login
2024-05-10 14:13:56 - Start
2024-05-10 14:14:10 - Start
2024-05-10 14:14:21 - Start
2024-05-10 14:14:21 - Login
2024-05-10 14:14:21 - Login
2024-05-10 14:15:04 - Start
2024-05-10 14:15:04 - Login
2024-05-10 14:15:04 - Get users
2024-05-10 14:15:04 - 
2024-05-10 14:15:04 - Login
2024-05-10 14:15:04 - Get users
2024-05-10 14:15:04 - 
2024-05-10 16:08:53 - Start
2024-05-10 16:08:53 - Get users
2024-05-10 16:08:53 - 
2024-05-10 16:10:28 - Start
2024-05-10 16:10:35 - Start
2024-05-10 16:10:35 - Get users
2024-05-10 16:10:35 - argument should be a bytes-like object or ASCII string, not 'tuple'
2024-05-10 16:10:35 - Get users
2024-05-10 16:10:35 - argument should be a bytes-like object or ASCII string, not 'tuple'
2024-05-10 16:10:35 - Get users
2024-05-10 16:10:35 - argument should be a bytes-like object or ASCII string, not 'tuple'
2024-05-10 16:11:24 - Start
2024-05-10 16:11:31 - Start
2024-05-10 16:11:31 - Get users
2024-05-10 16:11:31 - argument should be a bytes-like object or ASCII string, not 'tuple'
2024-05-10 16:11:47 - Start
2024-05-10 16:11:51 - Start
2024-05-10 16:11:51 - Get users
2024-05-10 16:11:51 - 
2024-05-10 16:11:51 - Get users
2024-05-10 16:11:51 - 
2024-05-10 16:11:51 - Get users
2024-05-10 16:11:51 - 
2024-05-10 16:11:51 - Get users
2024-05-10 16:11:51 - 
2024-05-10 16:11:51 - Get users
2024-05-10 16:11:51 - 
2024-05-10 16:12:15 - Start
2024-05-10 16:12:15 - Get users
2024-05-10 16:12:15 - 
2024-05-10 16:12:15 - Get users
2024-05-10 16:12:15 - 
2024-05-10 16:12:15 - Get users
2024-05-10 16:12:15 - 
2024-05-10 16:12:15 - Get users
2024-05-10 16:12:15 - 
2024-05-10 16:12:25 - Start
2024-05-10 16:13:03 - Start
2024-05-10 16:13:03 - Get users
2024-05-10 16:13:03 - 
2024-05-10 16:14:32 - Start
2024-05-10 16:14:32 - Get users
2024-05-10 16:14:32 - 'NoneType' object is not subscriptable
2024-05-10 16:15:26 - Start
2024-05-10 16:17:21 - Start
2024-05-10 16:17:21 - Register
2024-05-10 16:17:21 - Login
2024-05-10 16:17:21 - Get users
2024-05-10 16:17:21 - 'NoneType' object is not subscriptable
2024-05-10 16:17:21 - Get users
2024-05-10 16:17:21 - 'NoneType' object is not subscriptable
2024-05-10 16:18:26 - Get users
2024-05-10 17:12:27 - Start
2024-05-10 17:12:27 - Register
2024-05-10 17:13:06 - Start
2024-05-10 17:13:06 - Register
2024-05-10 17:14:10 - Start
2024-05-10 17:14:10 - Register
2024-05-10 17:14:59 - Start
2024-05-10 17:14:59 - Register
2024-05-10 17:16:41 - Start
2024-05-10 17:16:41 - Register
2024-05-10 17:16:41 - Object of type Response is not JSON serializable
2024-05-10 17:17:32 - Start
2024-05-10 17:17:32 - Register
2024-05-10 17:17:32 - 'tuple' object has no attribute 'message'
2024-05-10 17:17:51 - Start
2024-05-10 17:17:51 - Register
2024-05-10 17:17:51 - Object of type Response is not JSON serializable
2024-05-10 17:18:38 - Start
2024-05-10 17:18:38 - Register
2024-05-10 17:18:54 - Start
2024-05-10 17:18:54 - Register
2024-05-14 08:27:05 - Start
2024-05-14 08:27:05 - Register
2024-05-14 08:27:05 - Start
2024-05-14 08:27:05 - Register
2024-05-14 08:27:47 - Start
2024-05-14 08:27:47 - Register
2024-05-14 08:55:21 - Start
2024-05-14 08:55:21 - Register
2024-05-14 08:55:21 - Start
2024-05-14 08:55:21 - Register
2024-05-14 09:26:02 - Login
2024-05-14 09:26:02 - Start
2024-05-14 09:26:02 - Register
2024-05-14 09:26:02 - Start
2024-05-14 09:26:02 - Register
2024-05-14 09:29:11 - Start
2024-05-14 09:29:11 - Register
2024-05-14 09:29:11 - Login
2024-05-14 09:38:14 - Login
2024-05-14 09:38:14 - Get users
2024-05-14 09:38:14 - name 'get_jwt_identity' is not defined
2024-05-14 09:39:04 - Get users
2024-05-14 09:39:04 - 
2024-05-14 09:40:08 - Get users
2024-05-14 09:40:08 - 
2024-05-14 09:40:40 - Get users
2024-05-14 09:40:40 - 
2024-05-14 09:41:12 - Get users
2024-05-14 09:41:12 - 
2024-05-14 09:42:50 - Get users
2024-05-14 09:42:50 - 
2024-05-14 09:42:50 - Get users
2024-05-14 09:42:50 - 
2024-05-14 09:42:50 - Get users
2024-05-14 09:42:50 - 
2024-05-14 09:42:50 - Start
2024-05-14 09:42:50 - Register
2024-05-14 09:42:50 - Login
2024-05-14 09:42:50 - Get users
2024-05-14 09:42:50 - 
2024-05-14 09:43:58 - Get users
2024-05-14 09:43:58 - 
2024-05-14 09:44:51 - Start
2024-05-14 09:44:51 - Register
2024-05-14 09:44:51 - Login
2024-05-14 09:44:51 - Get users
2024-05-14 09:44:51 - Get users
2024-05-14 09:44:51 - Get users
2024-05-14 09:44:51 - Login
2024-05-14 09:44:51 - Get users
2024-05-14 09:44:51 - Get users
2024-05-14 09:44:51 - Start
2024-05-14 09:44:51 - Register
2024-05-14 09:44:51 - Login
2024-05-14 09:44:51 - Get users
2024-05-14 09:44:51 - Get users
2024-05-14 09:44:51 - Start
2024-05-14 09:44:51 - Register
2024-05-14 09:44:51 - Get users
2024-05-14 09:44:51 - Login
2024-05-14 09:44:51 - Get users
2024-05-14 09:48:51 - Get users
2024-05-14 09:48:51 - Login
2024-05-14 09:48:51 - 'NoneType' object is not subscriptable
2024-05-14 09:48:51 - Login
2024-05-14 09:48:51 - 'NoneType' object is not subscriptable
2024-05-14 09:48:51 - Login
2024-05-14 09:48:51 - 'NoneType' object is not subscriptable
2024-05-14 09:48:51 - Start
2024-05-14 09:48:51 - Register
2024-05-14 09:48:51 - Login
2024-05-14 09:48:51 - Login
2024-05-14 09:48:51 - Login
2024-05-14 09:48:51 - Login
2024-05-14 09:48:51 - 'NoneType' object is not subscriptable
2024-05-14 09:48:51 - Login
2024-05-14 09:48:51 - 'NoneType' object is not subscriptable
2024-05-14 09:48:51 - Login
2024-05-14 09:48:51 - 'NoneType' object is not subscriptable
2024-05-14 10:04:25 - Start
2024-05-14 10:04:25 - Register
2024-05-14 10:09:25 - Login
2024-05-14 10:10:08 - Login
2024-05-14 10:10:30 - Login
2024-05-14 10:13:09 - Start
2024-05-14 10:13:09 - Register
2024-05-14 10:13:09 - Start
2024-05-14 10:13:09 - Register
2024-05-14 10:13:09 - Start
2024-05-14 10:13:09 - Register
2024-05-14 10:37:09 - Page not found
Exception on /apidocs [GET]
Traceback (most recent call last):
  File "C:\Users\stevenhdz\Desktop\htdocs\CursoPython\MELI\challenge_meli\Lib\site-packages\flask\app.py", line 1473, in wsgi_app
    response = self.full_dispatch_request()
               ^^^^^^^^^^^^^^^^^^^^^^^^^^^^
  File "C:\Users\stevenhdz\Desktop\htdocs\CursoPython\MELI\challenge_meli\Lib\site-packages\flask\app.py", line 882, in full_dispatch_request
    rv = self.handle_user_exception(e)
         ^^^^^^^^^^^^^^^^^^^^^^^^^^^^^
  File "C:\Users\stevenhdz\Desktop\htdocs\CursoPython\MELI\challenge_meli\Lib\site-packages\flask_cors\extension.py", line 178, in wrapped_function
    return cors_after_request(app.make_response(f(*args, **kwargs)))
                                                ^^^^^^^^^^^^^^^^^^
  File "C:\Users\stevenhdz\Desktop\htdocs\CursoPython\MELI\challenge_meli\Lib\site-packages\flask\app.py", line 880, in full_dispatch_request
    rv = self.dispatch_request()
         ^^^^^^^^^^^^^^^^^^^^^^^
  File "C:\Users\stevenhdz\Desktop\htdocs\CursoPython\MELI\challenge_meli\Lib\site-packages\flask\app.py", line 865, in dispatch_request
    return self.ensure_sync(self.view_functions[rule.endpoint])(**view_args)  # type: ignore[no-any-return]
           ^^^^^^^^^^^^^^^^^^^^^^^^^^^^^^^^^^^^^^^^^^^^^^^^^^^^^^^^^^^^^^^^^
  File "C:\Users\stevenhdz\Desktop\htdocs\CursoPython\MELI\challenge_meli\app.py", line 89, in apidocs
    return jsonify(swagger(app))
                   ^^^^^^^^^^^^
TypeError: 'Swagger' object is not callable
2024-05-14 11:18:16 - Server error
Exception on /apidocs [GET]
Traceback (most recent call last):
  File "C:\Users\stevenhdz\Desktop\htdocs\CursoPython\MELI\challenge_meli\Lib\site-packages\flask\app.py", line 1473, in wsgi_app
    response = self.full_dispatch_request()
               ^^^^^^^^^^^^^^^^^^^^^^^^^^^^
  File "C:\Users\stevenhdz\Desktop\htdocs\CursoPython\MELI\challenge_meli\Lib\site-packages\flask\app.py", line 882, in full_dispatch_request
    rv = self.handle_user_exception(e)
         ^^^^^^^^^^^^^^^^^^^^^^^^^^^^^
  File "C:\Users\stevenhdz\Desktop\htdocs\CursoPython\MELI\challenge_meli\Lib\site-packages\flask_cors\extension.py", line 178, in wrapped_function
    return cors_after_request(app.make_response(f(*args, **kwargs)))
                                                ^^^^^^^^^^^^^^^^^^
  File "C:\Users\stevenhdz\Desktop\htdocs\CursoPython\MELI\challenge_meli\Lib\site-packages\flask\app.py", line 880, in full_dispatch_request
    rv = self.dispatch_request()
         ^^^^^^^^^^^^^^^^^^^^^^^
  File "C:\Users\stevenhdz\Desktop\htdocs\CursoPython\MELI\challenge_meli\Lib\site-packages\flask\app.py", line 865, in dispatch_request
    return self.ensure_sync(self.view_functions[rule.endpoint])(**view_args)  # type: ignore[no-any-return]
           ^^^^^^^^^^^^^^^^^^^^^^^^^^^^^^^^^^^^^^^^^^^^^^^^^^^^^^^^^^^^^^^^^
  File "C:\Users\stevenhdz\Desktop\htdocs\CursoPython\MELI\challenge_meli\app.py", line 89, in apidocs
    return jsonify(swagger(app))
                   ^^^^^^^^^^^^
TypeError: 'Swagger' object is not callable
2024-05-14 11:18:16 - Server error
Exception on /apidocs [GET]
Traceback (most recent call last):
  File "C:\Users\stevenhdz\Desktop\htdocs\CursoPython\MELI\challenge_meli\Lib\site-packages\flask\app.py", line 1473, in wsgi_app
    response = self.full_dispatch_request()
               ^^^^^^^^^^^^^^^^^^^^^^^^^^^^
  File "C:\Users\stevenhdz\Desktop\htdocs\CursoPython\MELI\challenge_meli\Lib\site-packages\flask\app.py", line 882, in full_dispatch_request
    rv = self.handle_user_exception(e)
         ^^^^^^^^^^^^^^^^^^^^^^^^^^^^^
  File "C:\Users\stevenhdz\Desktop\htdocs\CursoPython\MELI\challenge_meli\Lib\site-packages\flask_cors\extension.py", line 178, in wrapped_function
    return cors_after_request(app.make_response(f(*args, **kwargs)))
                                                ^^^^^^^^^^^^^^^^^^
  File "C:\Users\stevenhdz\Desktop\htdocs\CursoPython\MELI\challenge_meli\Lib\site-packages\flask\app.py", line 880, in full_dispatch_request
    rv = self.dispatch_request()
         ^^^^^^^^^^^^^^^^^^^^^^^
  File "C:\Users\stevenhdz\Desktop\htdocs\CursoPython\MELI\challenge_meli\Lib\site-packages\flask\app.py", line 865, in dispatch_request
    return self.ensure_sync(self.view_functions[rule.endpoint])(**view_args)  # type: ignore[no-any-return]
           ^^^^^^^^^^^^^^^^^^^^^^^^^^^^^^^^^^^^^^^^^^^^^^^^^^^^^^^^^^^^^^^^^
  File "C:\Users\stevenhdz\Desktop\htdocs\CursoPython\MELI\challenge_meli\app.py", line 89, in apidocs
    return jsonify(swagger(app))
                   ^^^^^^^^^^^^
TypeError: 'Swagger' object is not callable
2024-05-14 11:18:16 - Server error
Exception on /apidocs [GET]
Traceback (most recent call last):
  File "C:\Users\stevenhdz\Desktop\htdocs\CursoPython\MELI\challenge_meli\Lib\site-packages\flask\app.py", line 1473, in wsgi_app
    response = self.full_dispatch_request()
               ^^^^^^^^^^^^^^^^^^^^^^^^^^^^
  File "C:\Users\stevenhdz\Desktop\htdocs\CursoPython\MELI\challenge_meli\Lib\site-packages\flask\app.py", line 882, in full_dispatch_request
    rv = self.handle_user_exception(e)
         ^^^^^^^^^^^^^^^^^^^^^^^^^^^^^
  File "C:\Users\stevenhdz\Desktop\htdocs\CursoPython\MELI\challenge_meli\Lib\site-packages\flask_cors\extension.py", line 178, in wrapped_function
    return cors_after_request(app.make_response(f(*args, **kwargs)))
                                                ^^^^^^^^^^^^^^^^^^
  File "C:\Users\stevenhdz\Desktop\htdocs\CursoPython\MELI\challenge_meli\Lib\site-packages\flask\app.py", line 880, in full_dispatch_request
    rv = self.dispatch_request()
         ^^^^^^^^^^^^^^^^^^^^^^^
  File "C:\Users\stevenhdz\Desktop\htdocs\CursoPython\MELI\challenge_meli\Lib\site-packages\flask\app.py", line 865, in dispatch_request
    return self.ensure_sync(self.view_functions[rule.endpoint])(**view_args)  # type: ignore[no-any-return]
           ^^^^^^^^^^^^^^^^^^^^^^^^^^^^^^^^^^^^^^^^^^^^^^^^^^^^^^^^^^^^^^^^^
  File "C:\Users\stevenhdz\Desktop\htdocs\CursoPython\MELI\challenge_meli\app.py", line 89, in apidocs
    return jsonify(swagger(app))
                   ^^^^^^^^^^^^
TypeError: 'Swagger' object is not callable
2024-05-14 11:18:16 - Server error
2024-05-14 11:23:45 - Page not found
2024-05-14 11:23:45 - Page not found
2024-05-14 11:23:45 - Page not found
2024-05-14 11:34:56 - Start Swagger
2024-05-14 11:35:51 - Start Swagger
2024-05-14 12:11:51 - Login
2024-05-14 12:11:51 - Get users
2024-05-14 12:11:51 - 
2024-05-14 12:11:51 - Get users
2024-05-14 12:11:51 - 
2024-05-14 12:11:51 - Get users
2024-05-14 12:11:51 - 
2024-05-14 12:11:51 - Get users
2024-05-14 12:11:51 - 
2024-05-14 12:11:51 - unsupported operand type(s) for +: 'datetime.datetime' and 'datetime.datetime'
2024-05-14 12:11:51 - Get users
2024-05-14 12:11:51 - 
2024-05-14 12:11:51 - unsupported operand type(s) for +: 'datetime.datetime' and 'datetime.datetime'
2024-05-14 12:14:05 - unsupported operand type(s) for +: 'datetime.datetime' and 'datetime.datetime'
2024-05-14 12:14:05 - unsupported operand type(s) for +: 'datetime.datetime' and 'datetime.datetime'
2024-05-14 12:14:05 - Get users
2024-05-14 12:14:05 - 
2024-05-14 12:14:05 - unsupported operand type(s) for +: 'datetime.datetime' and 'datetime.datetime'
2024-05-14 12:15:10 - Get users
2024-05-14 12:15:10 - 
2024-05-14 12:15:10 - unsupported operand type(s) for -: 'int' and 'datetime.timedelta'
2024-05-14 12:15:44 - unsupported operand type(s) for +: 'datetime.datetime' and 'datetime.datetime'
2024-05-14 12:15:44 - Get users
2024-05-14 12:15:44 - 
2024-05-14 12:16:16 - unsupported operand type(s) for +: 'datetime.datetime' and 'datetime.datetime'
2024-05-14 12:17:28 - unsupported operand type(s) for -: 'int' and 'datetime.timedelta'
2024-05-14 12:18:18 - unsupported operand type(s) for -=: 'int' and 'datetime.timedelta'
2024-05-14 12:18:18 - Get users
2024-05-14 12:18:18 - 
2024-05-14 12:18:18 - unsupported operand type(s) for -=: 'int' and 'datetime.timedelta'
2024-05-14 12:19:35 - Get users
2024-05-14 12:19:35 - 
2024-05-14 12:19:35 - Get users
2024-05-14 12:19:35 - 
2024-05-14 12:19:35 - Get users
2024-05-14 12:19:35 - 
2024-05-14 12:26:14 - Login
2024-05-14 12:26:14 - Get users
2024-05-14 12:26:14 - 
2024-05-14 12:26:14 - 'username'
2024-05-14 12:26:14 - 'username'
2024-05-14 12:27:47 - 'username'
2024-05-14 12:28:19 - 'password'
2024-05-14 12:29:02 - Get users
2024-05-14 12:29:02 - 
2024-05-14 12:29:02 - Get users
2024-05-14 12:29:02 - 
2024-05-14 12:29:02 - Get users
2024-05-14 12:29:02 - 
2024-05-14 12:29:02 - Get users
2024-05-14 12:29:02 - 
2024-05-14 12:31:19 - Get users
2024-05-14 12:31:19 - 
2024-05-14 12:35:22 - Login
2024-05-14 12:35:22 - Get users
2024-05-14 12:35:22 - 
2024-05-14 12:37:12 - 'NoneType' object is not subscriptable
2024-05-14 12:37:12 - Get users
2024-05-14 12:37:12 - Get users
2024-05-14 12:37:12 - Login
2024-05-14 12:37:12 - Get users
2024-05-14 12:37:12 - 
2024-05-14 12:37:12 - Get users
2024-05-14 12:37:12 - Get users
2024-05-14 12:37:12 - 'NoneType' object is not subscriptable
2024-05-14 12:37:12 - Login
2024-05-14 12:37:12 - 'NoneType' object is not subscriptable
2024-05-14 12:37:12 - Get users
2024-05-14 12:37:12 - 
2024-05-14 12:37:12 - Start Swagger
2024-05-14 12:40:51 - Start Swagger
2024-05-14 13:02:10 - Login
2024-05-14 13:03:01 - create_access_token() missing 1 required positional argument: 'identity'
2024-05-14 13:03:26 - 'NoneType' object is not subscriptable
2024-05-14 13:15:08 - Login
2024-05-14 13:15:08 - Get users
2024-05-14 13:15:08 - 
2024-05-14 13:15:08 - Get users
2024-05-14 13:15:08 - 
2024-05-14 13:15:08 - Get users
2024-05-14 13:15:08 - 
2024-05-14 13:16:45 - Get users
2024-05-14 13:16:45 - 
2024-05-14 13:16:45 - Get users
2024-05-14 13:16:45 - 
2024-05-14 13:17:07 - Get users
2024-05-14 13:17:07 - 
2024-05-14 13:17:07 - Get users
2024-05-14 13:17:07 - 
2024-05-14 13:17:07 - Get users
2024-05-14 13:17:07 - 
2024-05-14 13:17:07 - Get users
2024-05-14 13:17:07 - 
2024-05-14 13:17:07 - Get one user
2024-05-14 13:17:07 - Get one user
2024-05-14 13:17:07 - Get one user
2024-05-14 13:17:26 - Get one user
2024-05-14 13:17:26 - Get one user
2024-05-14 13:17:26 - Get one user
2024-05-14 13:20:04 - Get one user
2024-05-14 13:20:04 - Login
2024-05-14 13:20:04 - Get users
2024-05-14 13:20:04 - 
2024-05-14 13:20:04 - Start
2024-05-14 13:20:04 - Register
2024-05-14 13:20:04 - Login
2024-05-14 13:20:04 - Login
2024-05-14 13:20:04 - Get users
2024-05-14 13:20:04 - Get one user
2024-05-14 13:20:04 - Get one user
2024-05-14 13:59:46 - Start
2024-05-14 13:59:46 - Register
2024-05-14 13:59:46 - Login
2024-05-14 13:59:46 - Get users
2024-05-14 13:59:46 - Get one user
2024-05-14 14:03:08 - Start
2024-05-14 14:03:08 - Register
2024-05-14 14:03:08 - Login
2024-05-14 14:03:08 - Get one user
2024-05-14 14:03:08 - Get users
2024-05-14 14:05:47 - Start
2024-05-14 14:05:47 - Register
2024-05-14 14:05:47 - Login
2024-05-14 14:05:47 - Get one user
2024-05-14 14:05:47 - Get one user
2024-05-14 14:21:25 - Login
2024-05-14 14:21:25 - 'dict' object has no attribute 'encode'
2024-05-14 14:21:25 - Start
2024-05-14 14:21:25 - Register
2024-05-14 14:21:25 - Login
2024-05-14 14:21:25 - 'dict' object has no attribute 'encode'
2024-05-14 14:21:25 - Login
2024-05-14 14:21:25 - 'dict' object has no attribute 'encode'
2024-05-14 14:22:31 - Login
2024-05-14 14:22:31 - 'dict' object has no attribute 'encode'
2024-05-14 14:22:31 - Login
2024-05-14 14:22:31 - 'dict' object has no attribute 'encode'
2024-05-14 14:22:54 - Login
2024-05-14 14:22:54 - 'dict' object has no attribute 'encode'
2024-05-14 14:23:06 - Login
2024-05-14 14:23:06 - 'dict' object has no attribute 'encode'
2024-05-14 14:23:06 - Login
2024-05-14 14:23:06 - 'dict' object has no attribute 'encode'
2024-05-14 14:28:05 - Login
2024-05-14 14:29:46 - Start
2024-05-14 14:29:46 - Register
2024-05-14 14:29:46 - Login
2024-05-14 14:29:46 - Get one user
2024-05-14 14:29:46 - 'NoneType' object is not subscriptable
2024-05-14 14:29:46 - Get one user
2024-05-14 14:29:46 - 'NoneType' object is not subscriptable
2024-05-14 14:29:46 - Get users
2024-05-14 14:29:46 - 'NoneType' object is not subscriptable
2024-05-14 14:29:46 - Get one user
2024-05-14 14:29:46 - Login
2024-05-14 14:29:46 - Get one user
2024-05-14 14:29:46 - 'NoneType' object is not subscriptable
2024-05-14 14:29:46 - Get one user
2024-05-14 14:29:46 - 'NoneType' object is not subscriptable
2024-05-14 14:32:47 - Get one user
2024-05-14 14:32:47 - 'NoneType' object is not subscriptable
2024-05-14 14:32:47 - Get one user
2024-05-14 14:32:47 - 'NoneType' object is not subscriptable
2024-05-14 14:32:47 - Get users
2024-05-14 14:32:47 - 'NoneType' object is not subscriptable
2024-05-14 14:34:27 - Get users
2024-05-14 14:34:27 - 'NoneType' object is not subscriptable
2024-05-14 14:34:51 - Get users
2024-05-14 14:34:51 - 
2024-05-14 14:34:51 - Get users
2024-05-14 14:34:51 - 
2024-05-14 14:34:51 - Start
2024-05-14 14:34:51 - Register
2024-05-14 14:34:51 - Login
2024-05-14 14:34:51 - 'NoneType' object is not subscriptable
2024-05-14 14:34:51 - Login
2024-05-14 14:34:51 - 'NoneType' object is not subscriptable
2024-05-14 14:34:51 - Login
2024-05-14 14:34:51 - 'NoneType' object is not subscriptable
2024-05-14 14:36:39 - Login
2024-05-14 14:36:39 - encrypt_password() missing 1 required positional argument: 'key'
2024-05-14 14:38:28 - Login
2024-05-14 14:38:28 - 'NoneType' object has no attribute 'replace'
2024-05-14 14:38:28 - Login
2024-05-14 14:38:28 - 'NoneType' object has no attribute 'replace'
2024-05-14 14:38:44 - Login
2024-05-14 14:38:44 - 'NoneType' object has no attribute 'replace'
2024-05-14 14:38:44 - Login
2024-05-14 14:38:44 - 'NoneType' object has no attribute 'replace'
2024-05-14 14:38:44 - Login
2024-05-14 14:38:44 - 'NoneType' object has no attribute 'replace'
2024-05-14 14:39:32 - Login
2024-05-14 14:39:32 - 'NoneType' object has no attribute 'replace'
2024-05-14 14:39:32 - Login
2024-05-14 14:39:32 - 'NoneType' object has no attribute 'replace'
2024-05-14 14:40:50 - Login
2024-05-14 14:40:50 - 'NoneType' object has no attribute 'replace'
2024-05-14 14:40:50 - Login
2024-05-14 14:40:50 - 'NoneType' object has no attribute 'replace'
2024-05-14 14:40:50 - Login
2024-05-14 14:40:50 - 'NoneType' object has no attribute 'replace'
2024-05-14 14:40:50 - Login
2024-05-14 14:40:50 - 'NoneType' object has no attribute 'replace'
2024-05-14 14:40:50 - Login
2024-05-14 14:40:50 - 'NoneType' object has no attribute 'replace'
2024-05-14 14:41:15 - Login
2024-05-14 14:41:15 - 'NoneType' object has no attribute 'replace'
2024-05-14 14:41:51 - Login
2024-05-14 14:41:51 - 'NoneType' object has no attribute 'replace'
2024-05-14 14:41:51 - Login
2024-05-14 14:41:51 - 'NoneType' object has no attribute 'replace'
2024-05-14 14:41:51 - Login
2024-05-14 14:41:51 - 'NoneType' object has no attribute 'replace'
2024-05-14 14:41:51 - Login
2024-05-14 14:41:51 - 'NoneType' object has no attribute 'replace'
2024-05-14 14:42:21 - Login
2024-05-14 14:42:21 - 'NoneType' object has no attribute 'replace'
2024-05-14 14:42:21 - Login
2024-05-14 14:42:21 - 'NoneType' object has no attribute 'replace'
2024-05-14 14:48:38 - Start
2024-05-14 14:48:38 - Register
2024-05-14 14:48:38 - Login
2024-05-14 14:48:38 - Get users
2024-05-14 14:48:38 - Get one user
2024-05-14 14:48:38 - 'NoneType' object is not subscriptable
2024-05-14 14:48:38 - Get one user
2024-05-14 14:48:38 - 'NoneType' object is not subscriptable
2024-05-14 14:48:38 - Get one user
2024-05-14 14:48:38 - 'NoneType' object is not subscriptable
2024-05-14 14:48:38 - Get one user
2024-05-14 14:48:38 - 'NoneType' object is not subscriptable
2024-05-14 14:50:42 - Get users
2024-05-14 14:50:42 - Get one user
2024-05-14 14:50:42 - 'NoneType' object is not subscriptable
2024-05-14 14:50:57 - Get one user
2024-05-14 14:50:57 - 'NoneType' object is not subscriptable
2024-05-14 14:51:22 - Get one user
2024-05-14 14:51:22 - 'NoneType' object is not subscriptable
2024-05-14 14:51:22 - Get one user
2024-05-14 14:51:22 - 'NoneType' object is not subscriptable
2024-05-14 14:51:55 - Get one user
2024-05-14 14:51:55 - 'NoneType' object is not subscriptable
2024-05-14 14:52:35 - Start
2024-05-14 14:52:35 - Register
2024-05-14 14:52:35 - Login
2024-05-14 14:52:35 - Login
2024-05-14 14:52:35 - Get one user
2024-05-14 14:52:35 - Get users
2024-05-14 14:52:35 - 
2024-05-14 14:52:35 - Get users
2024-05-14 14:52:35 - 
2024-05-14 14:52:35 - Get users
2024-05-14 14:52:35 - 
2024-05-14 14:52:35 - Get users
2024-05-14 14:52:35 - 
2024-05-14 14:52:35 - Get users
2024-05-14 14:52:35 - 
2024-05-14 14:52:35 - Get users
2024-05-14 14:52:35 - 
2024-05-14 14:52:35 - Get users
2024-05-14 14:52:35 - 
2024-05-14 14:52:35 - Get users
2024-05-14 14:52:35 - 
2024-05-14 14:52:35 - Get users
2024-05-14 14:52:35 - 
2024-05-14 14:52:35 - Get users
2024-05-14 14:52:35 - 
2024-05-14 14:52:35 - Get one user
2024-05-14 14:52:35 - Start
2024-05-14 14:52:35 - Register
2024-05-14 14:52:35 - Login
2024-05-14 14:52:35 - Get users
2024-05-14 14:52:35 - 
2024-05-14 14:52:35 - Get one user
2024-05-14 14:52:35 - Get users
2024-05-14 14:52:35 - 
2024-05-14 14:55:33 - Get users
2024-05-14 15:04:28 - Start
2024-05-14 15:04:28 - Register
2024-05-14 15:04:28 - Login
2024-05-14 15:04:28 - Get one user
2024-05-14 15:04:28 - 
2024-05-14 15:04:28 - Get users
2024-05-14 15:04:28 - 
2024-05-14 15:04:28 - Get users
2024-05-14 15:04:28 - 
2024-05-14 15:04:28 - Get users
2024-05-14 15:04:28 - 
2024-05-14 15:04:28 - Get one user
2024-05-14 15:04:28 - 
2024-05-14 15:04:28 - Login
2024-05-14 15:04:28 - Get one user
2024-05-14 15:04:28 - 
2024-05-14 15:12:06 - Start
2024-05-14 15:12:06 - Register
2024-05-14 15:12:06 - Login
2024-05-14 15:12:06 - Get one user
2024-05-14 15:12:06 - Get users
2024-05-14 15:12:06 - Get one user
2024-05-14 15:12:06 - Start
2024-05-14 15:12:06 - Register
2024-05-14 15:12:06 - Login
2024-05-14 15:12:06 - Get one user
2024-05-14 15:12:06 - Get users
2024-05-14 15:12:06 - Start
2024-05-14 15:12:06 - Register
2024-05-14 15:12:06 - Login
2024-05-14 15:12:06 - Get users
2024-05-14 15:12:06 - Get one user
2024-05-14 15:12:06 - Get users
2024-05-14 15:15:31 - Start
2024-05-14 15:15:31 - Register
2024-05-14 15:15:31 - Get users
2024-05-14 15:15:31 - 
2024-05-14 15:15:31 - Get one user
2024-05-14 15:15:31 - Get users
2024-05-14 15:15:31 - Login
2024-05-14 15:15:31 - Get users
2024-05-14 15:15:31 - 
2024-05-14 15:15:31 - Get users
2024-05-14 15:15:31 - 
2024-05-14 15:15:31 - Login
2024-05-14 15:15:31 - Get one user
2024-05-14 15:15:31 - 
2024-05-14 15:15:31 - Get users
2024-05-14 15:15:31 - 
2024-05-14 15:15:31 - Login
2024-05-14 15:15:31 - Login
2024-05-14 15:15:31 - Login
2024-05-14 15:15:31 - Get one user
2024-05-14 16:00:34 - Get one user
2024-05-14 16:00:34 - Get one user
2024-05-14 16:00:34 - Get one user
2024-05-14 16:00:34 - Get one user
2024-05-14 16:00:34 - Get users
2024-05-14 16:00:34 - 
2024-05-14 16:00:34 - Get users
2024-05-14 16:00:34 - 
2024-05-14 16:00:34 - Login
2024-05-14 16:00:34 - Get one user
2024-05-14 16:09:46 - Login
2024-05-14 16:09:46 - Get one user
2024-05-14 16:09:46 - Login
2024-05-14 16:09:46 - Get one user
2024-05-14 16:09:46 - 
2024-05-14 16:09:46 - Get one user
2024-05-14 16:09:46 - 
2024-05-14 16:09:46 - Login
2024-05-14 16:09:46 - Get one user
2024-05-14 16:09:46 - Get one user
2024-05-14 16:09:46 - Login
2024-05-14 16:09:46 - Get one user
2024-05-14 16:09:46 - 
2024-05-14 16:09:46 - Login
2024-05-14 16:09:46 - Get one user
2024-05-14 16:09:46 - Get one user
2024-05-14 16:09:46 - Login
2024-05-14 16:09:46 - 
2024-05-14 16:09:46 - Login
2024-05-14 16:09:46 - 
2024-05-14 16:09:46 - Login
2024-05-14 16:09:46 - 
2024-05-14 16:09:46 - Login
2024-05-14 16:09:46 - 
2024-05-14 16:09:46 - Start
2024-05-14 16:09:46 - Register
2024-05-14 16:09:46 - Login
2024-05-14 16:09:46 - 
2024-05-14 16:09:46 - Start
2024-05-14 16:09:46 - Register
2024-05-14 16:09:46 - Login
2024-05-14 16:09:46 - Get one user
2024-05-14 16:09:46 - 
2024-05-14 16:09:46 - Get one user
2024-05-14 16:09:46 - 
2024-05-14 16:09:46 - Get one user
2024-05-14 16:09:46 - 
2024-05-14 16:09:46 - Get users
2024-05-14 16:09:46 - 
2024-05-14 16:09:46 - Get users
2024-05-14 16:09:46 - 
2024-05-14 16:09:46 - Login
2024-05-14 16:09:46 - Get one user
2024-05-14 16:09:46 - 
2024-05-14 16:09:46 - Start
2024-05-14 16:09:46 - Register
2024-05-14 16:09:46 - Login
2024-05-14 16:09:46 - Get one user
2024-05-14 16:09:46 - Get users
2024-05-14 16:09:46 - Login
2024-05-14 16:09:46 - Get one user
2024-05-14 16:09:46 - Get users
2024-05-14 16:09:46 - Start
2024-05-14 16:09:46 - Register
2024-05-14 16:09:46 - Login
2024-05-14 16:09:46 - Get one user
2024-05-14 16:09:46 - Get users
2024-05-14 16:16:44 - Get users
2024-05-14 16:16:44 - Get one user
2024-05-14 16:16:44 - Login
2024-05-14 16:16:44 - Get users
2024-05-14 16:16:44 - Get users
2024-05-14 16:16:44 - Login
2024-05-14 16:16:44 - Get one user
2024-05-14 16:16:44 - Get users
2024-05-14 16:21:21 - Get users
2024-05-14 16:21:21 - 
2024-05-14 16:21:41 - Get users
2024-05-14 16:21:41 - Get users
2024-05-14 16:21:41 - Get one user
2024-05-14 16:21:41 - Login
2024-05-14 16:21:41 - Get one user
2024-05-14 16:21:41 - Start
2024-05-14 16:21:41 - Register
2024-05-14 16:21:41 - Login
2024-05-14 16:21:41 - Get one user
2024-05-14 16:21:41 - 
2024-05-14 16:21:41 - Get one user
2024-05-14 16:21:41 - 
2024-05-14 16:21:41 - Get users
2024-05-14 16:21:41 - Get one user
2024-05-14 16:25:30 - Start
2024-05-14 16:25:30 - Register
2024-05-14 16:25:30 - Login
2024-05-14 16:25:30 - 
2024-05-14 16:25:30 - Login
2024-05-14 16:25:30 - 
2024-05-14 16:25:30 - Login
2024-05-14 16:25:30 - 
2024-05-14 16:25:30 - Login
2024-05-14 16:25:30 - 
2024-05-14 16:25:30 - Login
2024-05-14 16:25:30 - 
2024-05-14 16:25:30 - Login
2024-05-14 16:25:30 - Get one user
2024-05-14 16:25:30 - 
2024-05-14 16:33:16 - Get one user
2024-05-14 16:33:16 - 
2024-05-14 16:33:16 - Get one user
2024-05-14 16:33:16 - 
2024-05-14 16:33:16 - Login
2024-05-14 16:33:16 - 'NoneType' object is not subscriptable
2024-05-14 16:34:16 - Start
2024-05-14 16:34:16 - Register
2024-05-14 16:35:51 - Start
2024-05-14 16:35:51 - Register
2024-05-14 16:36:28 - Start
2024-05-14 16:36:28 - Register
2024-05-14 16:36:28 - Start
2024-05-14 16:36:28 - Register
2024-05-14 16:36:28 - 'NoneType' object is not subscriptable
2024-05-14 16:37:13 - Start
2024-05-14 16:37:13 - Register
2024-05-14 16:37:13 - Login
2024-05-14 16:37:13 - 'NoneType' object is not subscriptable
2024-05-14 16:37:13 - Login
2024-05-14 16:37:13 - 'NoneType' object is not subscriptable
2024-05-14 16:39:56 - Login
2024-05-14 16:39:56 - 'NoneType' object is not subscriptable
2024-05-14 16:39:56 - Login
2024-05-14 16:39:56 - 'NoneType' object is not subscriptable
2024-05-14 16:39:56 - Start
2024-05-14 16:39:56 - Register
2024-05-14 16:39:56 - Login
2024-05-14 16:39:56 - 'NoneType' object is not subscriptable
2024-05-14 16:40:38 - Login
2024-05-14 16:40:38 - 'NoneType' object is not subscriptable
2024-05-14 16:40:38 - Login
2024-05-14 16:40:38 - 'NoneType' object is not subscriptable
2024-05-14 16:41:15 - Login
2024-05-14 16:41:15 - 'NoneType' object is not subscriptable
2024-05-14 16:41:15 - Login
2024-05-14 16:41:15 - 'NoneType' object is not subscriptable
2024-05-14 16:41:51 - Login
2024-05-14 16:41:51 - 'NoneType' object is not subscriptable
2024-05-14 16:41:51 - Login
2024-05-14 16:41:51 - 'NoneType' object is not subscriptable
2024-05-14 16:42:01 - Login
2024-05-14 16:42:01 - 'NoneType' object is not subscriptable
2024-05-14 16:42:01 - Login
2024-05-14 16:42:01 - 'NoneType' object is not subscriptable
2024-05-14 16:43:35 - Login
2024-05-14 16:43:35 - 'NoneType' object is not subscriptable
2024-05-14 16:43:35 - Login
2024-05-14 16:43:35 - 'NoneType' object is not subscriptable
2024-05-14 16:43:35 - Login
2024-05-14 16:44:25 - Login
2024-05-14 16:45:05 - Get one user
2024-05-14 16:45:05 - 
2024-05-14 16:45:05 - Get one user
2024-05-14 16:45:05 - 
2024-05-14 16:45:39 - Login
2024-05-14 16:45:39 - Get one user
2024-05-14 16:45:39 - 
2024-05-14 16:45:39 - Get one user
2024-05-14 16:45:39 - 
2024-05-14 16:45:39 - Get one user
2024-05-14 16:45:39 - 
2024-05-14 16:46:24 - Login
2024-05-14 16:47:12 - Login
2024-05-14 16:47:12 - Get one user
2024-05-14 16:47:12 - 
2024-05-14 16:47:12 - Start
2024-05-14 16:47:12 - Register
2024-05-14 16:47:12 - Login
2024-05-14 16:47:12 - Get one user
2024-05-14 16:47:12 - Get users
2024-05-14 16:47:12 - Login
2024-05-14 16:47:12 - 'NoneType' object is not subscriptable
2024-05-14 16:47:12 - 'NoneType' object is not subscriptable
2024-05-14 16:47:12 - Get one user
2024-05-14 16:47:12 - Get one user
2024-05-14 16:47:12 - Get one user
2024-05-14 17:03:44 - Start
2024-05-14 17:03:44 - Register
2024-05-14 17:03:44 - Start
2024-05-14 17:03:44 - Register
2024-05-14 17:03:44 - Login
2024-05-14 17:03:44 - Login
2024-05-14 17:03:44 - Login
2024-05-14 17:03:44 - Login
2024-05-14 17:03:44 - Get one user
2024-05-14 17:03:44 - Get one user
2024-05-14 17:03:44 - Get users
2024-05-14 17:03:44 - Page not found
2024-05-14 17:03:44 - Start Swagger
2024-05-14 20:22:06 - Page not found
2024-05-14 21:26:33 - Login
2024-05-14 21:27:30 - Login
2024-05-14 21:34:43 - Login
2024-05-14 21:34:43 - Login
2024-05-15 09:40:56 - Start
2024-05-15 09:40:56 - Register
2024-05-15 09:40:56 - Login
2024-05-15 09:42:22 - Login
2024-05-15 09:42:22 - Invalid salt
2024-05-15 09:42:50 - Login
2024-05-15 09:44:03 - Login
2024-05-15 09:44:03 - decrypt_password() missing 1 required positional argument: 'key'
2024-05-15 09:44:27 - Login
2024-05-15 09:44:27 - argument 'hashed_password': 'str' object cannot be converted to 'PyBytes'
2024-05-15 09:45:46 - Login
2024-05-15 09:45:46 - argument 'hashed_password': 'str' object cannot be converted to 'PyBytes'
2024-05-15 09:46:18 - Login
2024-05-15 09:46:18 - argument 'hashed_password': 'str' object cannot be converted to 'PyBytes'
2024-05-15 09:47:02 - Login
2024-05-15 09:47:30 - Login
2024-05-15 09:47:30 - Login
2024-05-15 09:47:30 - Login
2024-05-15 09:47:30 - Login
2024-05-15 09:48:19 - Login
2024-05-15 09:48:19 - 'NoneType' object is not subscriptable
2024-05-15 09:48:19 - Login
2024-05-15 09:48:19 - 'NoneType' object is not subscriptable
2024-05-15 09:48:19 - Login
2024-05-15 09:48:19 - 'NoneType' object is not subscriptable
2024-05-15 09:48:19 - Login
2024-05-15 09:48:19 - 'NoneType' object is not subscriptable
2024-05-15 09:50:52 - Login
2024-05-15 09:50:52 - 'bool' object is not callable
2024-05-15 09:53:03 - Login
2024-05-15 09:53:03 - 'NoneType' object is not subscriptable
2024-05-15 09:54:01 - Login
2024-05-15 09:54:01 - 'NoneType' object is not subscriptable
2024-05-15 09:54:01 - Login
2024-05-15 09:54:01 - 'NoneType' object is not subscriptable
2024-05-15 09:54:49 - Login
2024-05-15 09:54:49 - 'NoneType' object is not subscriptable
2024-05-15 09:54:49 - Login
2024-05-15 09:54:49 - 'NoneType' object is not subscriptable
2024-05-15 09:55:48 - Login
2024-05-15 09:55:48 - cannot access local variable 'user' where it is not associated with a value
2024-05-15 09:58:38 - Start
2024-05-15 09:58:38 - Register
2024-05-15 09:58:38 - Login
2024-05-15 09:58:38 - Login
2024-05-15 09:58:38 - 'NoneType' object is not subscriptable
2024-05-15 09:58:38 - Login
2024-05-15 09:58:38 - 'NoneType' object is not subscriptable
2024-05-15 09:59:49 - Start
2024-05-15 09:59:49 - Register
2024-05-15 09:59:49 - Login
2024-05-15 09:59:49 - Get one user
2024-05-15 09:59:49 - 'NoneType' object is not subscriptable
2024-05-15 09:59:49 - Get one user
2024-05-15 09:59:49 - 'NoneType' object is not subscriptable
2024-05-15 09:59:49 - Get one user
2024-05-15 09:59:49 - 'NoneType' object is not subscriptable
2024-05-15 09:59:49 - Start
2024-05-15 09:59:49 - Register
2024-05-15 09:59:49 - Login
2024-05-15 09:59:49 - Get one user
2024-05-15 09:59:49 - 'NoneType' object is not subscriptable
2024-05-15 09:59:49 - Get users
2024-05-15 09:59:49 - 'NoneType' object is not subscriptable
2024-05-15 09:59:49 - Get users
2024-05-15 09:59:49 - 'NoneType' object is not subscriptable
2024-05-15 09:59:49 - Get users
2024-05-15 09:59:49 - 'NoneType' object is not subscriptable
2024-05-15 09:59:49 - Get users
2024-05-15 09:59:49 - 'NoneType' object is not subscriptable
2024-05-15 10:02:01 - Start
2024-05-15 10:02:01 - Register
2024-05-15 10:02:01 - Login
2024-05-15 10:02:01 - Get one user
2024-05-15 10:02:01 - 
2024-05-15 10:02:01 - Start
2024-05-15 10:02:01 - Register
2024-05-15 10:02:01 - Login
2024-05-15 10:02:01 - Get one user
2024-05-15 10:02:01 - Get users
2024-05-15 10:24:43 - Start
2024-05-15 10:24:43 - Register
2024-05-15 10:24:43 - Fernet key must be 32 url-safe base64-encoded bytes.
2024-05-15 10:26:11 - Start
2024-05-15 10:26:11 - Register
2024-05-15 10:26:11 - Fernet key must be 32 url-safe base64-encoded bytes.
2024-05-15 10:26:11 - Start
2024-05-15 10:26:11 - Register
2024-05-15 10:26:11 - Fernet key must be 32 url-safe base64-encoded bytes.
2024-05-15 10:27:09 - Start
2024-05-15 10:27:09 - Register
2024-05-15 10:27:09 - Login
2024-05-15 10:27:09 - 'NoneType' object is not subscriptable
2024-05-15 10:28:56 - Login
2024-05-15 10:28:56 - 'NoneType' object is not subscriptable
2024-05-15 10:28:56 - Start
2024-05-15 10:28:56 - Register
2024-05-15 10:28:56 - Login
2024-05-15 10:28:56 - 'NoneType' object is not subscriptable
2024-05-15 10:31:12 - Login
2024-05-15 10:31:12 - 'NoneType' object is not subscriptable
2024-05-15 10:34:41 - Login
2024-05-15 10:34:41 - 'NoneType' object is not subscriptable
2024-05-15 10:34:41 - Login
2024-05-15 10:34:41 - 'NoneType' object is not subscriptable
2024-05-15 10:35:48 - Login
2024-05-15 10:35:48 - 'NoneType' object is not subscriptable
2024-05-15 10:39:25 - Start
2024-05-15 10:39:25 - Register
2024-05-15 10:39:25 - Login
2024-05-15 10:39:25 - 'NoneType' object is not subscriptable
2024-05-15 10:41:07 - Login
2024-05-15 10:41:07 - Get one user
2024-05-15 10:41:07 - 'NoneType' object is not subscriptable
2024-05-15 10:41:07 - Get one user
2024-05-15 10:41:07 - 'NoneType' object is not subscriptable
2024-05-15 10:41:07 - Get one user
2024-05-15 10:41:07 - 'NoneType' object is not subscriptable
2024-05-15 10:42:39 - Get one user
2024-05-15 10:42:39 - 'NoneType' object is not subscriptable
2024-05-15 10:42:39 - Get one user
2024-05-15 10:42:39 - 'NoneType' object is not subscriptable
2024-05-15 10:45:04 - Start
2024-05-15 10:45:04 - Register
2024-05-15 10:45:04 - Login
2024-05-15 10:45:04 - Get one user
2024-05-15 10:45:04 - 
2024-05-15 10:45:04 - Start
2024-05-15 10:45:04 - Register
2024-05-15 10:45:04 - Login
2024-05-15 10:45:04 - Get one user
2024-05-15 10:45:04 - Get users
2024-05-15 10:45:04 - Page not found
2024-05-15 10:59:30 - information_external_hidden_data() missing 10 required positional arguments: 'app', 'current_time', 'key', 'requests', 'encrypt_data', 'connect_to_database', 'create_table_information_external', 'insert_data_external', 'URL_CLIENT_EXTERNAL', and 'SENSIBLE_FIELDS'
2024-05-15 11:00:12 - Start
2024-05-15 11:00:12 - list indices must be integers or slices, not str
2024-05-15 11:00:12 - Register
2024-05-15 11:00:12 - Login
2024-05-15 11:00:12 - Get one user
2024-05-15 11:00:12 - Get one user
2024-05-15 11:00:12 - Get users
2024-05-15 11:00:57 - Start
2024-05-15 11:00:57 - list indices must be integers or slices, not str
2024-05-15 11:00:57 - Register
2024-05-15 11:00:57 - Login
2024-05-15 11:00:57 - Get one user
2024-05-15 11:45:15 - Start
2024-05-15 11:45:15 - Register
2024-05-15 11:45:15 - Start Swagger
2024-05-15 11:47:17 - Start Swagger
2024-05-15 11:47:17 - Start Swagger
2024-05-15 11:47:41 - Start Swagger
2024-05-15 11:48:32 - Start Swagger
2024-05-15 12:10:15 - Start
2024-05-15 12:10:15 - 'DatabaseError' object has no attribute 'cursor'
2024-05-15 12:10:15 - Register
2024-05-15 12:10:15 - 'DatabaseError' object has no attribute 'cursor'
2024-05-15 12:10:15 - Start
2024-05-15 12:10:15 - 'DatabaseError' object has no attribute 'cursor'
2024-05-15 12:10:15 - Register
2024-05-15 12:10:15 - 'DatabaseError' object has no attribute 'cursor'
2024-05-15 12:10:15 - Login
2024-05-15 12:10:15 - 'DatabaseError' object has no attribute 'cursor'
2024-05-15 12:10:15 - Login
2024-05-15 12:10:15 - 'DatabaseError' object has no attribute 'cursor'
2024-05-15 12:10:15 - Login
2024-05-15 12:10:15 - 'DatabaseError' object has no attribute 'cursor'
2024-05-15 12:10:15 - Start
2024-05-15 12:10:15 - 'DatabaseError' object has no attribute 'cursor'
2024-05-15 12:10:15 - Register
2024-05-15 12:10:15 - 'DatabaseError' object has no attribute 'cursor'
2024-05-15 12:10:15 - Login
2024-05-15 12:10:15 - 'DatabaseError' object has no attribute 'cursor'
2024-05-15 12:11:29 - Login
2024-05-15 12:11:29 - 'DatabaseError' object has no attribute 'cursor'
2024-05-15 12:11:29 - Login
2024-05-15 12:11:29 - 'DatabaseError' object has no attribute 'cursor'
2024-05-15 12:11:29 - Login
2024-05-15 12:11:29 - 'DatabaseError' object has no attribute 'cursor'
2024-05-15 12:12:10 - Login
2024-05-15 12:12:10 - 'DatabaseError' object has no attribute 'cursor'
2024-05-15 12:12:30 - Start
2024-05-15 12:12:30 - 'DatabaseError' object has no attribute 'cursor'
2024-05-15 12:12:30 - Register
2024-05-15 12:12:30 - 'DatabaseError' object has no attribute 'cursor'
2024-05-15 12:14:09 - Start
2024-05-15 12:14:09 - 'DatabaseError' object has no attribute 'cursor'
2024-05-15 12:14:09 - Register
2024-05-15 12:14:09 - 'DatabaseError' object has no attribute 'cursor'
2024-05-15 12:14:43 - Start
2024-05-15 12:14:43 - 'DatabaseError' object has no attribute 'cursor'
2024-05-15 12:14:43 - Register
2024-05-15 12:14:43 - 'DatabaseError' object has no attribute 'cursor'
2024-05-15 12:16:26 - Start
2024-05-15 12:16:26 - 'DatabaseError' object has no attribute 'cursor'
2024-05-15 12:16:26 - Register
2024-05-15 12:16:26 - 'DatabaseError' object has no attribute 'cursor'
2024-05-15 12:16:26 - Start
2024-05-15 12:16:26 - 'DatabaseError' object has no attribute 'cursor'
2024-05-15 12:16:26 - Register
2024-05-15 12:16:26 - 'DatabaseError' object has no attribute 'cursor'
2024-05-15 12:17:01 - Start
2024-05-15 12:17:01 - 'DatabaseError' object has no attribute 'cursor'
2024-05-15 12:17:01 - Register
2024-05-15 12:17:01 - 'DatabaseError' object has no attribute 'cursor'
2024-05-15 12:17:01 - Start
2024-05-15 12:17:01 - 'DatabaseError' object has no attribute 'cursor'
2024-05-15 12:17:01 - Register
2024-05-15 12:17:01 - 'DatabaseError' object has no attribute 'cursor'
2024-05-15 12:17:37 - Start
2024-05-15 12:17:37 - 'DatabaseError' object has no attribute 'cursor'
2024-05-15 12:17:37 - Register
2024-05-15 12:17:37 - 'DatabaseError' object has no attribute 'cursor'
2024-05-15 12:17:37 - Start
2024-05-15 12:17:37 - 'DatabaseError' object has no attribute 'cursor'
2024-05-15 12:17:37 - Register
2024-05-15 12:17:37 - 'DatabaseError' object has no attribute 'cursor'
2024-05-15 12:19:06 - Start
2024-05-15 12:19:06 - Register
2024-05-15 12:19:06 - Login
2024-05-15 12:19:06 - 'NoneType' object is not subscriptable
2024-05-15 12:19:35 - Login
2024-05-15 12:19:35 - 'NoneType' object is not subscriptable
2024-05-15 12:20:06 - Login
2024-05-15 12:20:06 - 'NoneType' object is not subscriptable
2024-05-15 12:20:06 - Login
2024-05-15 12:20:06 - 'NoneType' object is not subscriptable
2024-05-15 12:20:06 - Login
2024-05-15 12:20:06 - 'NoneType' object is not subscriptable
2024-05-15 12:20:20 - Login
2024-05-15 12:20:20 - 'NoneType' object is not subscriptable
2024-05-15 12:20:20 - Login
2024-05-15 12:20:20 - 'NoneType' object is not subscriptable
2024-05-15 12:20:46 - Login
2024-05-15 12:20:46 - 'NoneType' object is not subscriptable
2024-05-15 12:20:46 - Login
2024-05-15 12:20:46 - 'NoneType' object is not subscriptable
2024-05-15 12:20:46 - Login
2024-05-15 12:20:46 - 'NoneType' object is not subscriptable
2024-05-15 12:20:46 - Login
2024-05-15 12:20:46 - 'NoneType' object is not subscriptable
2024-05-15 12:20:46 - Login
2024-05-15 12:20:46 - 'NoneType' object is not subscriptable
2024-05-15 12:21:12 - Login
2024-05-15 12:21:12 - 'NoneType' object is not subscriptable
2024-05-15 12:21:12 - Login
2024-05-15 12:21:12 - 'NoneType' object is not subscriptable
2024-05-15 12:21:12 - Login
2024-05-15 12:21:12 - 'NoneType' object is not subscriptable
2024-05-15 12:21:12 - Start
2024-05-15 12:21:12 - Register
2024-05-15 12:21:12 - Login
2024-05-15 12:21:12 - 'NoneType' object is not subscriptable
2024-05-15 12:21:12 - Login
2024-05-15 12:21:12 - 'NoneType' object is not subscriptable
2024-05-15 12:21:12 - Login
2024-05-15 12:21:12 - 'NoneType' object is not subscriptable
2024-05-15 12:21:12 - Login
2024-05-15 12:21:12 - 'NoneType' object is not subscriptable
2024-05-15 12:21:55 - Login
2024-05-15 12:21:55 - 'NoneType' object is not subscriptable
2024-05-15 12:21:55 - Login
2024-05-15 12:21:55 - 'NoneType' object is not subscriptable
2024-05-15 12:22:56 - Login
2024-05-15 12:22:56 - 'NoneType' object is not subscriptable
2024-05-15 12:22:56 - Login
2024-05-15 12:22:56 - 'NoneType' object is not subscriptable
2024-05-15 12:22:56 - Login
2024-05-15 12:22:56 - 'NoneType' object is not subscriptable
2024-05-15 12:22:56 - Login
2024-05-15 12:22:56 - Login
2024-05-15 12:22:56 - Login
2024-05-15 12:22:56 - 'NoneType' object is not subscriptable
2024-05-15 12:22:56 - Login
2024-05-15 12:22:56 - 'NoneType' object is not subscriptable
2024-05-15 12:24:33 - Login
2024-05-15 12:24:33 - 'NoneType' object is not subscriptable
2024-05-15 12:24:33 - Login
2024-05-15 12:24:33 - 'NoneType' object is not subscriptable
2024-05-15 12:24:33 - Login
2024-05-15 12:24:33 - 'NoneType' object is not subscriptable
2024-05-15 12:24:49 - Login
2024-05-15 12:24:49 - 'NoneType' object is not subscriptable
2024-05-15 12:24:49 - Login
2024-05-15 12:24:49 - 'NoneType' object is not subscriptable
2024-05-15 12:25:08 - Login
2024-05-15 12:25:08 - 'NoneType' object is not subscriptable
2024-05-15 12:25:08 - Login
2024-05-15 12:25:08 - 'NoneType' object is not subscriptable
2024-05-15 12:26:32 - Login
2024-05-15 12:26:32 - 'NoneType' object is not subscriptable
2024-05-15 12:26:32 - Login
2024-05-15 12:26:32 - 'NoneType' object is not subscriptable
2024-05-15 12:26:32 - Login
2024-05-15 12:26:32 - 'NoneType' object is not subscriptable
2024-05-15 12:27:47 - Login
2024-05-15 12:27:47 - 'NoneType' object is not subscriptable
2024-05-15 12:27:47 - Login
2024-05-15 12:27:47 - 'NoneType' object is not subscriptable
2024-05-15 12:27:47 - Login
2024-05-15 12:27:47 - 'NoneType' object is not subscriptable
2024-05-15 12:28:31 - Login
2024-05-15 12:28:31 - Login
2024-05-15 12:28:31 - Login
2024-05-15 12:28:31 - Login
2024-05-15 12:28:31 - Start
2024-05-15 12:28:31 - Register
2024-05-15 12:28:31 - Login
